This is pdfTeX, Version 3.141592653-2.6-1.40.27 (TeX Live 2025) (preloaded format=pdflatex 2025.3.8)  12 AUG 2025 14:55
entering extended mode
 restricted \write18 enabled.
 file:line:error style messages enabled.
 %&-line parsing enabled.
**gp_bbn_uncertainties.tex
(./gp_bbn_uncertainties.tex
LaTeX2e <2024-11-01> patch level 2
L3 programming layer <2025-01-18>
(/usr/local/texlive/2025/texmf-dist/tex/latex/revtex/revtex4-2.cls
Document Class: revtex4-2 2022/06/05 4.2f (https://journals.aps.org/revtex/ for
 documentation)
 Copyright (c) 2019 American Physical Society.
 mailto:revtex@aps.org
 Licensed under the LPPL:
http://www.ctan.org/tex-archive/macros/latex/base/lppl.txt
 Arthur Ogawa <arthur_ogawa at sbcglobal dot net>
 Based on work by David Carlisle <david at dcarlisle.demon.co.uk>
 Version (4.2d--4.2f): Modified by Mark Doyle and Phelype Oleinik
 .
ltxutil[2022/06/05 4.2f utilities package (portions licensed from W. E. Baxter 
web at superscript.com)]
LaTeX Info: Redefining \@centercr on input line 356.
Class revtex4-2 Info: Repairing broken LaTeX eqnarray on input line 417.
\eqncolsep=\skip49
Class revtex4-2 Info: Repairing hyperref-unfriendly LaTeX definition of \mpfoot
note on input line 492.
Class revtex4-2 Info: Repairing broken LateX \@sect on input line 814.
\intertabularlinepenalty=\count196
\@tbpen=\count197
\@arstrutbox@hline=\box52
Class revtex4-2 Info: Repairing broken LaTeX \@xbitor on input line 1845.
Class revtex4-2 Info: Making \typeout \long on input line 2110.
ltxfront[2022/06/05 4.2f frontmatter package (AO,DPC,MD)]
\c@affil=\count198
\c@collab=\count199
\absbox=\box53
ltxgrid[2022/06/05 4.2f page grid package (portions licensed from W. E. Baxter 
web at superscript.com)]
\c@linecount=\count266
\output@latex=\toks17
\box@size@1=\box54
\box@size@2=\box55
\@protection@box=\box56
\@topmark@saved=\toks18
\footins@saved=\box57
\footins@recovered=\box58
\column@recovered=\box59
\pagesofar=\box60
\footsofar=\box61
\pagegrid@col=\count267
Class revtex4-2 Info: Overriding \@vspace, \@vspacer, \@no@pgbk, \@newline, and
 \\  on input line 5676.
\c@part=\count268
\c@section=\count269
\c@subsection=\count270
\c@subsubsection=\count271
\c@paragraph=\count272
\c@subparagraph=\count273
\abovecaptionskip=\skip50
\belowcaptionskip=\skip51
\c@figure=\count274
\fbox@1=\box62
\c@table=\count275
\fbox@2=\box63
\c@video=\count276
\fbox@4=\box64
\@bibdataout=\write3
\widetext@top=\box65
\widetext@bot=\box66
Class revtex4-2 Info: Selecting society aps on input line 7669.
(/usr/local/texlive/2025/texmf-dist/tex/latex/revtex/aps4-2.rtx
File: aps4-2 2022/06/05 4.2f (https://journals.aps.org/revtex/ for documentatio
n)
Class revtex4-2 Info: RevTeX society APS selected on input line 40.
)
Class revtex4-2 Info: Selecting journal pra on input line 7671.
Class revtex4-2 Info: APS journal PRA selected on input line 7672.

(/usr/local/texlive/2025/texmf-dist/tex/latex/revtex/aps10pt4-2.rtx
File: aps10pt4-2 2022/06/05 4.2f (https://journals.aps.org/revtex/ for document
ation)
Class revtex4-2 Info: RevTeX pointsize 10pt selected on input line 39.
)
(/usr/local/texlive/2025/texmf-dist/tex/latex/textcase/textcase.sty
Package: textcase 2025/02/16 v1.05 Text only upper/lower case changing (DPC)
Package textcase Info: Defining Legacy names on input line 20.
)
(/usr/local/texlive/2025/texmf-dist/tex/latex/amsfonts/amssymb.sty
Package: amssymb 2013/01/14 v3.01 AMS font symbols

(/usr/local/texlive/2025/texmf-dist/tex/latex/amsfonts/amsfonts.sty
Package: amsfonts 2013/01/14 v3.01 Basic AMSFonts support
\@emptytoks=\toks19
\symAMSa=\mathgroup4
\symAMSb=\mathgroup5
LaTeX Font Info:    Redeclaring math symbol \hbar on input line 98.
LaTeX Font Info:    Overwriting math alphabet `\mathfrak' in version `bold'
(Font)                  U/euf/m/n --> U/euf/b/n on input line 106.
))
(/usr/local/texlive/2025/texmf-dist/tex/latex/amsmath/amsmath.sty
Package: amsmath 2024/11/05 v2.17t AMS math features
\@mathmargin=\skip52

For additional information on amsmath, use the `?' option.
(/usr/local/texlive/2025/texmf-dist/tex/latex/amsmath/amstext.sty
Package: amstext 2021/08/26 v2.01 AMS text

(/usr/local/texlive/2025/texmf-dist/tex/latex/amsmath/amsgen.sty
File: amsgen.sty 1999/11/30 v2.0 generic functions
\@emptytoks=\toks20
\ex@=\dimen141
)
LaTeX Info: Redefining \text on input line 28.
)
(/usr/local/texlive/2025/texmf-dist/tex/latex/amsmath/amsbsy.sty
Package: amsbsy 1999/11/29 v1.2d Bold Symbols
\pmbraise@=\dimen142
)
(/usr/local/texlive/2025/texmf-dist/tex/latex/amsmath/amsopn.sty
Package: amsopn 2022/04/08 v2.04 operator names
)
\inf@bad=\count277
LaTeX Info: Redefining \frac on input line 233.
\uproot@=\count278
\leftroot@=\count279
LaTeX Info: Redefining \overline on input line 398.
LaTeX Info: Redefining \colon on input line 409.
\classnum@=\count280
\DOTSCASE@=\count281
LaTeX Info: Redefining \ldots on input line 495.
LaTeX Info: Redefining \dots on input line 498.
LaTeX Info: Redefining \cdots on input line 619.
\Mathstrutbox@=\box67
\strutbox@=\box68
LaTeX Info: Redefining \big on input line 721.
LaTeX Info: Redefining \Big on input line 722.
LaTeX Info: Redefining \bigg on input line 723.
LaTeX Info: Redefining \Bigg on input line 724.
\big@size=\dimen143
LaTeX Font Info:    Redeclaring font encoding OML on input line 742.
LaTeX Font Info:    Redeclaring font encoding OMS on input line 743.
\macc@depth=\count282
LaTeX Info: Redefining \bmod on input line 904.
LaTeX Info: Redefining \pmod on input line 909.
LaTeX Info: Redefining \smash on input line 939.
LaTeX Info: Redefining \relbar on input line 969.
LaTeX Info: Redefining \Relbar on input line 970.
\c@MaxMatrixCols=\count283
\dotsspace@=\muskip17
\c@parentequation=\count284
\dspbrk@lvl=\count285
\tag@help=\toks21
\row@=\count286
\column@=\count287
\maxfields@=\count288
\andhelp@=\toks22
\eqnshift@=\dimen144
\alignsep@=\dimen145
\tagshift@=\dimen146
\tagwidth@=\dimen147
\totwidth@=\dimen148
\lineht@=\dimen149
\@envbody=\toks23
\multlinegap=\skip53
\multlinetaggap=\skip54
\mathdisplay@stack=\toks24
LaTeX Info: Redefining \[ on input line 2953.
LaTeX Info: Redefining \] on input line 2954.
)
(/usr/local/texlive/2025/texmf-dist/tex/latex/url/url.sty
\Urlmuskip=\muskip18
Package: url 2013/09/16  ver 3.4  Verb mode for urls, etc.
)
(/usr/local/texlive/2025/texmf-dist/tex/latex/natbib/natbib.sty
Package: natbib 2010/09/13 8.31b (PWD, AO)
\bibhang=\skip55
\bibsep=\skip56
LaTeX Info: Redefining \cite on input line 694.
\c@NAT@ctr=\count289
)
Class revtex4-2 Info: Repairing natbib's \BibitemShut on input line 7676.

(/usr/local/texlive/2025/texmf-dist/tex/latex/revtex/revsymb4-2.sty
Package: revsymb4-2 2022/06/05 4.2f (https://journals.aps.org/revtex/ for docum
entation)
LaTeX Info: Redefining \frak on input line 104.
LaTeX Info: Redefining \Bbb on input line 120.
LaTeX Info: Redefining \REV@mathfrak on input line 128.
))
(/usr/local/texlive/2025/texmf-dist/tex/latex/graphics/graphicx.sty
Package: graphicx 2021/09/16 v1.2d Enhanced LaTeX Graphics (DPC,SPQR)

(/usr/local/texlive/2025/texmf-dist/tex/latex/graphics/keyval.sty
Package: keyval 2022/05/29 v1.15 key=value parser (DPC)
\KV@toks@=\toks25
)
(/usr/local/texlive/2025/texmf-dist/tex/latex/graphics/graphics.sty
Package: graphics 2024/08/06 v1.4g Standard LaTeX Graphics (DPC,SPQR)

(/usr/local/texlive/2025/texmf-dist/tex/latex/graphics/trig.sty
Package: trig 2023/12/02 v1.11 sin cos tan (DPC)
)
(/usr/local/texlive/2025/texmf-dist/tex/latex/graphics-cfg/graphics.cfg
File: graphics.cfg 2016/06/04 v1.11 sample graphics configuration
)
Package graphics Info: Driver file: pdftex.def on input line 106.

(/usr/local/texlive/2025/texmf-dist/tex/latex/graphics-def/pdftex.def
File: pdftex.def 2024/04/13 v1.2c Graphics/color driver for pdftex
))
\Gin@req@height=\dimen150
\Gin@req@width=\dimen151
)
(/usr/local/texlive/2025/texmf-dist/tex/latex/hyperref/hyperref.sty
Package: hyperref 2024-11-05 v7.01l Hypertext links for LaTeX

(/usr/local/texlive/2025/texmf-dist/tex/generic/iftex/iftex.sty
Package: iftex 2024/12/12 v1.0g TeX engine tests
)
(/usr/local/texlive/2025/texmf-dist/tex/latex/kvsetkeys/kvsetkeys.sty
Package: kvsetkeys 2022-10-05 v1.19 Key value parser (HO)
)
(/usr/local/texlive/2025/texmf-dist/tex/generic/kvdefinekeys/kvdefinekeys.sty
Package: kvdefinekeys 2019-12-19 v1.6 Define keys (HO)
)
(/usr/local/texlive/2025/texmf-dist/tex/generic/pdfescape/pdfescape.sty
Package: pdfescape 2019/12/09 v1.15 Implements pdfTeX's escape features (HO)

(/usr/local/texlive/2025/texmf-dist/tex/generic/ltxcmds/ltxcmds.sty
Package: ltxcmds 2023-12-04 v1.26 LaTeX kernel commands for general use (HO)
)
(/usr/local/texlive/2025/texmf-dist/tex/generic/pdftexcmds/pdftexcmds.sty
Package: pdftexcmds 2020-06-27 v0.33 Utility functions of pdfTeX for LuaTeX (HO
)

(/usr/local/texlive/2025/texmf-dist/tex/generic/infwarerr/infwarerr.sty
Package: infwarerr 2019/12/03 v1.5 Providing info/warning/error messages (HO)
)
Package pdftexcmds Info: \pdf@primitive is available.
Package pdftexcmds Info: \pdf@ifprimitive is available.
Package pdftexcmds Info: \pdfdraftmode found.
))
(/usr/local/texlive/2025/texmf-dist/tex/latex/hycolor/hycolor.sty
Package: hycolor 2020-01-27 v1.10 Color options for hyperref/bookmark (HO)
)
(/usr/local/texlive/2025/texmf-dist/tex/latex/hyperref/nameref.sty
Package: nameref 2023-11-26 v2.56 Cross-referencing by name of section

(/usr/local/texlive/2025/texmf-dist/tex/latex/refcount/refcount.sty
Package: refcount 2019/12/15 v3.6 Data extraction from label references (HO)
)
(/usr/local/texlive/2025/texmf-dist/tex/generic/gettitlestring/gettitlestring.s
ty
Package: gettitlestring 2019/12/15 v1.6 Cleanup title references (HO)
 (/usr/local/texlive/2025/texmf-dist/tex/latex/kvoptions/kvoptions.sty
Package: kvoptions 2022-06-15 v3.15 Key value format for package options (HO)
))

Package nameref Warning: The definition of \label has changed! 
(nameref)                Check your packages! 
(nameref)                Replacing it with the kernel definition on input line 
149.

\c@section@level=\count290
) (/usr/local/texlive/2025/texmf-dist/tex/latex/etoolbox/etoolbox.sty
Package: etoolbox 2025/02/11 v2.5l e-TeX tools for LaTeX (JAW)
\etb@tempcnta=\count291
)
(/usr/local/texlive/2025/texmf-dist/tex/generic/stringenc/stringenc.sty
Package: stringenc 2019/11/29 v1.12 Convert strings between diff. encodings (HO
)
)
\@linkdim=\dimen152
\Hy@linkcounter=\count292
\Hy@pagecounter=\count293

(/usr/local/texlive/2025/texmf-dist/tex/latex/hyperref/pd1enc.def
File: pd1enc.def 2024-11-05 v7.01l Hyperref: PDFDocEncoding definition (HO)
Now handling font encoding PD1 ...
... no UTF-8 mapping file for font encoding PD1
)
(/usr/local/texlive/2025/texmf-dist/tex/generic/intcalc/intcalc.sty
Package: intcalc 2019/12/15 v1.3 Expandable calculations with integers (HO)
)
\Hy@SavedSpaceFactor=\count294

(/usr/local/texlive/2025/texmf-dist/tex/latex/hyperref/puenc.def
File: puenc.def 2024-11-05 v7.01l Hyperref: PDF Unicode definition (HO)
Now handling font encoding PU ...
... no UTF-8 mapping file for font encoding PU
)
Package hyperref Info: Option `hyperfootnotes' set `false' on input line 4040.
Package hyperref Info: Option `colorlinks' set `true' on input line 4040.
Package hyperref Info: Hyper figures OFF on input line 4157.
Package hyperref Info: Link nesting OFF on input line 4162.
Package hyperref Info: Hyper index ON on input line 4165.
Package hyperref Info: Plain pages OFF on input line 4172.
Package hyperref Info: Backreferencing OFF on input line 4177.
Package hyperref Info: Implicit mode ON; LaTeX internals redefined.
Package hyperref Info: Bookmarks ON on input line 4424.
LaTeX Info: Redefining \href on input line 4674.
\c@Hy@tempcnt=\count295
LaTeX Info: Redefining \url on input line 4763.
\XeTeXLinkMargin=\dimen153

(/usr/local/texlive/2025/texmf-dist/tex/generic/bitset/bitset.sty
Package: bitset 2019/12/09 v1.3 Handle bit-vector datatype (HO)

(/usr/local/texlive/2025/texmf-dist/tex/generic/bigintcalc/bigintcalc.sty
Package: bigintcalc 2019/12/15 v1.5 Expandable calculations on big integers (HO
)
))
\Fld@menulength=\count296
\Field@Width=\dimen154
\Fld@charsize=\dimen155
Package hyperref Info: Hyper figures OFF on input line 6042.
Package hyperref Info: Link nesting OFF on input line 6047.
Package hyperref Info: Hyper index ON on input line 6050.
Package hyperref Info: backreferencing OFF on input line 6057.
Package hyperref Info: Link coloring ON on input line 6060.
Package hyperref Info: Link coloring with OCG OFF on input line 6067.
Package hyperref Info: PDF/A mode OFF on input line 6072.

(/usr/local/texlive/2025/texmf-dist/tex/latex/base/atbegshi-ltx.sty
Package: atbegshi-ltx 2021/01/10 v1.0c Emulation of the original atbegshi
package with kernel methods
)
\Hy@abspage=\count297
\c@Item=\count298
)
Package hyperref Info: Driver (autodetected): hpdftex.

(/usr/local/texlive/2025/texmf-dist/tex/latex/hyperref/hpdftex.def
File: hpdftex.def 2024-11-05 v7.01l Hyperref driver for pdfTeX

(/usr/local/texlive/2025/texmf-dist/tex/latex/base/atveryend-ltx.sty
Package: atveryend-ltx 2020/08/19 v1.0a Emulation of the original atveryend pac
kage
with kernel methods
)
\Fld@listcount=\count299
\c@bookmark@seq@number=\count300

(/usr/local/texlive/2025/texmf-dist/tex/latex/rerunfilecheck/rerunfilecheck.sty
Package: rerunfilecheck 2022-07-10 v1.10 Rerun checks for auxiliary files (HO)

(/usr/local/texlive/2025/texmf-dist/tex/generic/uniquecounter/uniquecounter.sty
Package: uniquecounter 2019/12/15 v1.4 Provide unlimited unique counter (HO)
)
Package uniquecounter Info: New unique counter `rerunfilecheck' on input line 2
85.
)
\Hy@SectionHShift=\skip57
)
Class revtex4-2 Info: Unrecognized LaTeX tabular. Please update this document c
lass! (Proceeding with fingers crossed.) on input line 63.
Class revtex4-2 Info: cite was not loaded (OK!) on input line 63.
Class revtex4-2 Info: mcite was not loaded (OK!) on input line 63.
Class revtex4-2 Info: multicol was not loaded (OK!) on input line 63.

(/usr/local/texlive/2025/texmf-dist/tex/latex/l3backend/l3backend-pdftex.def
File: l3backend-pdftex.def 2024-05-08 L3 backend support: PDF output (pdfTeX)
\l__color_backend_stack_int=\count301
\l__pdf_internal_box=\box69
)
(./gp_bbn_uncertainties.aux)
\openout1 = `gp_bbn_uncertainties.aux'.

LaTeX Font Info:    Checking defaults for OML/cmm/m/it on input line 63.
LaTeX Font Info:    ... okay on input line 63.
LaTeX Font Info:    Checking defaults for OMS/cmsy/m/n on input line 63.
LaTeX Font Info:    ... okay on input line 63.
LaTeX Font Info:    Checking defaults for OT1/cmr/m/n on input line 63.
LaTeX Font Info:    ... okay on input line 63.
LaTeX Font Info:    Checking defaults for T1/cmr/m/n on input line 63.
LaTeX Font Info:    ... okay on input line 63.
LaTeX Font Info:    Checking defaults for TS1/cmr/m/n on input line 63.
LaTeX Font Info:    ... okay on input line 63.
LaTeX Font Info:    Checking defaults for OMX/cmex/m/n on input line 63.
LaTeX Font Info:    ... okay on input line 63.
LaTeX Font Info:    Checking defaults for U/cmr/m/n on input line 63.
LaTeX Font Info:    ... okay on input line 63.
LaTeX Font Info:    Checking defaults for PD1/pdf/m/n on input line 63.
LaTeX Font Info:    ... okay on input line 63.
LaTeX Font Info:    Checking defaults for PU/pdf/m/n on input line 63.
LaTeX Font Info:    ... okay on input line 63.

(/usr/local/texlive/2025/texmf-dist/tex/context/base/mkii/supp-pdf.mkii
[Loading MPS to PDF converter (version 2006.09.02).]
\scratchcounter=\count302
\scratchdimen=\dimen156
\scratchbox=\box70
\nofMPsegments=\count303
\nofMParguments=\count304
\everyMPshowfont=\toks26
\MPscratchCnt=\count305
\MPscratchDim=\dimen157
\MPnumerator=\count306
\makeMPintoPDFobject=\count307
\everyMPtoPDFconversion=\toks27
) (/usr/local/texlive/2025/texmf-dist/tex/latex/epstopdf-pkg/epstopdf-base.sty
Package: epstopdf-base 2020-01-24 v2.11 Base part for package epstopdf
Package epstopdf-base Info: Redefining graphics rule for `.eps' on input line 4
85.

(/usr/local/texlive/2025/texmf-dist/tex/latex/latexconfig/epstopdf-sys.cfg
File: epstopdf-sys.cfg 2010/07/13 v1.3 Configuration of (r)epstopdf for TeX Liv
e
))
(/usr/local/texlive/2025/texmf-dist/tex/latex/graphics/color.sty
Package: color 2024/06/23 v1.3e Standard LaTeX Color (DPC)

(/usr/local/texlive/2025/texmf-dist/tex/latex/graphics-cfg/color.cfg
File: color.cfg 2016/01/02 v1.6 sample color configuration
)
Package color Info: Driver file: pdftex.def on input line 149.

(/usr/local/texlive/2025/texmf-dist/tex/latex/graphics/mathcolor.ltx))
Package hyperref Info: Link coloring ON on input line 63.

(./gp_bbn_uncertainties.out) (./gp_bbn_uncertainties.out)
\@outlinefile=\write4
\openout4 = `gp_bbn_uncertainties.out'.

\openout3 = `gp_bbn_uncertaintiesNotes.bib'.

LaTeX Font Info:    Trying to load font information for U+msa on input line 71.


(/usr/local/texlive/2025/texmf-dist/tex/latex/amsfonts/umsa.fd
File: umsa.fd 2013/01/14 v3.01 AMS symbols A
)
LaTeX Font Info:    Trying to load font information for U+msb on input line 71.


(/usr/local/texlive/2025/texmf-dist/tex/latex/amsfonts/umsb.fd
File: umsb.fd 2013/01/14 v3.01 AMS symbols B
)
Overfull \vbox (2.83514pt too high) has occurred while \output is active []


[1{/usr/local/texlive/2025/texmf-var/fonts/map/pdftex/updmap/pdftex.map}]
[2
pdfTeX warning (ext4): destination with the same identifier (name{equation.3}) 
has been already used, duplicate ignored
<argument> ...shipout:D \box_use:N \l_shipout_box 
                                                  \__shipout_drop_firstpage_...
l.127 
      
pdfTeX warning (ext4): destination with the same identifier (name{equation.3}) 
has been already used, duplicate ignored
<argument> ...shipout:D \box_use:N \l_shipout_box 
                                                  \__shipout_drop_firstpage_...
l.127 
      ]

Package hyperref Warning: Token not allowed in a PDF string (Unicode):
(hyperref)                removing `math shift' on input line 128.


Package hyperref Warning: Token not allowed in a PDF string (Unicode):
(hyperref)                removing `superscript' on input line 128.


Package hyperref Warning: Token not allowed in a PDF string (Unicode):
(hyperref)                removing `math shift' on input line 128.

<Figures/ddhe3n_S.png, id=144, 462.528pt x 346.896pt>
File: Figures/ddhe3n_S.png Graphic file (type png)
<use Figures/ddhe3n_S.png>
Package pdftex.def Info: Figures/ddhe3n_S.png  used on input line 140.
(pdftex.def)             Requested size: 244.79782pt x 183.59991pt.
<Figures/ddhe3n_S_samples.png, id=146, 462.528pt x 346.896pt>
File: Figures/ddhe3n_S_samples.png Graphic file (type png)
<use Figures/ddhe3n_S_samples.png>
Package pdftex.def Info: Figures/ddhe3n_S_samples.png  used on input line 145.
(pdftex.def)             Requested size: 244.79782pt x 183.59991pt.
<Figures/ddhe3n_S_comp.png, id=147, 578.16pt x 433.62pt>
File: Figures/ddhe3n_S_comp.png Graphic file (type png)
<use Figures/ddhe3n_S_comp.png>
Package pdftex.def Info: Figures/ddhe3n_S_comp.png  used on input line 149.
(pdftex.def)             Requested size: 244.79782pt x 183.59464pt.
<Figures/ddhe3n_rate.png, id=148, 628.3475pt x 424.58624pt>
File: Figures/ddhe3n_rate.png Graphic file (type png)
<use Figures/ddhe3n_rate.png>
Package pdftex.def Info: Figures/ddhe3n_rate.png  used on input line 154.
(pdftex.def)             Requested size: 244.79782pt x 165.41304pt.

Overfull \vbox (2.87515pt too high) has occurred while \output is active []


[3]
<Figures/ddtp_S.png, id=158, 462.528pt x 346.896pt>
File: Figures/ddtp_S.png Graphic file (type png)
<use Figures/ddtp_S.png>
Package pdftex.def Info: Figures/ddtp_S.png  used on input line 169.
(pdftex.def)             Requested size: 244.79782pt x 183.59991pt.
<Figures/ddtp_S_samples.png, id=159, 462.528pt x 346.896pt>
File: Figures/ddtp_S_samples.png Graphic file (type png)
<use Figures/ddtp_S_samples.png>
Package pdftex.def Info: Figures/ddtp_S_samples.png  used on input line 174.
(pdftex.def)             Requested size: 244.79782pt x 183.59991pt.
<Figures/ddtp_S_comp.png, id=160, 462.528pt x 346.896pt>
File: Figures/ddtp_S_comp.png Graphic file (type png)
<use Figures/ddtp_S_comp.png>
Package pdftex.def Info: Figures/ddtp_S_comp.png  used on input line 178.
(pdftex.def)             Requested size: 244.79782pt x 183.59991pt.
<Figures/ddtp_rate.png, id=161, 594.22pt x 425.59pt>
File: Figures/ddtp_rate.png Graphic file (type png)
<use Figures/ddtp_rate.png>
Package pdftex.def Info: Figures/ddtp_rate.png  used on input line 183.
(pdftex.def)             Requested size: 244.79782pt x 175.33073pt.
 [4 <./Figures/ddhe3n_S.png> <./Figures/ddhe3n_S_samples.png> <./Figures/ddhe3n
_S_comp.png> <./Figures/ddhe3n_rate.png>]

Package hyperref Warning: Token not allowed in a PDF string (Unicode):
(hyperref)                removing `math shift' on input line 188.


Package hyperref Warning: Token not allowed in a PDF string (Unicode):
(hyperref)                removing `\gamma' on input line 188.


Package hyperref Warning: Token not allowed in a PDF string (Unicode):
(hyperref)                removing `math shift' on input line 188.


Package hyperref Warning: Token not allowed in a PDF string (Unicode):
(hyperref)                removing `math shift' on input line 188.


Package hyperref Warning: Token not allowed in a PDF string (Unicode):
(hyperref)                removing `superscript' on input line 188.


Package hyperref Warning: Token not allowed in a PDF string (Unicode):
(hyperref)                removing `math shift' on input line 188.

[5 <./Figures/ddtp_S.png> <./Figures/ddtp_S_samples.png> <./Figures/ddtp_S_comp
.png> <./Figures/ddtp_rate.png>]
pdfTeX warning (ext4): destination with the same identifier (name{equation.3}) 
has been already used, duplicate ignored
<to be read again> 
                   \relax 
l.193 \begin{equation}
                      
pdfTeX warning (ext4): destination with the same identifier (name{equation.3}) 
has been already used, duplicate ignored
<to be read again> 
                   \relax 
l.193 \begin{equation}
                      
pdfTeX warning (ext4): destination with the same identifier (name{equation.3}) 
has been already used, duplicate ignored
<to be read again> 
                   \relax 
l.193 \begin{equation}
                      
pdfTeX warning (ext4): destination with the same identifier (name{equation.3}) 
has been already used, duplicate ignored
<to be read again> 
                   \relax 
l.193 \begin{equation}
                      
<Figures/dphe3g_S.png, id=184, 462.528pt x 346.896pt>
File: Figures/dphe3g_S.png Graphic file (type png)
<use Figures/dphe3g_S.png>
Package pdftex.def Info: Figures/dphe3g_S.png  used on input line 202.
(pdftex.def)             Requested size: 244.79782pt x 183.59991pt.
<Figures/dphe3g_logS.png, id=185, 462.528pt x 346.896pt>
File: Figures/dphe3g_logS.png Graphic file (type png)
<use Figures/dphe3g_logS.png>
Package pdftex.def Info: Figures/dphe3g_logS.png  used on input line 207.
(pdftex.def)             Requested size: 244.79782pt x 183.59991pt.
<Figures/dphe3g_S_comp.png, id=186, 578.16pt x 433.62pt>
File: Figures/dphe3g_S_comp.png Graphic file (type png)
<use Figures/dphe3g_S_comp.png>
Package pdftex.def Info: Figures/dphe3g_S_comp.png  used on input line 211.
(pdftex.def)             Requested size: 244.79782pt x 183.59464pt.
<Figures/dphe3g_rate.png, id=187, 462.528pt x 346.896pt>
File: Figures/dphe3g_rate.png Graphic file (type png)
<use Figures/dphe3g_rate.png>
Package pdftex.def Info: Figures/dphe3g_rate.png  used on input line 216.
(pdftex.def)             Requested size: 244.79782pt x 183.59991pt.
 [6 <./Figures/dphe3g_S.png> <./Figures/dphe3g_logS.png> <./Figures/dphe3g_S_co
mp.png> <./Figures/dphe3g_rate.png>]
<Figures/dphe3g_log_rate.png, id=198, 618.31pt x 427.5975pt>
File: Figures/dphe3g_log_rate.png Graphic file (type png)
<use Figures/dphe3g_log_rate.png>
Package pdftex.def Info: Figures/dphe3g_log_rate.png  used on input line 225.
(pdftex.def)             Requested size: 244.79782pt x 169.2939pt.
<Figures/dphe3g_gaussian_rate.png, id=199, 462.528pt x 346.896pt>
File: Figures/dphe3g_gaussian_rate.png Graphic file (type png)
<use Figures/dphe3g_gaussian_rate.png>
Package pdftex.def Info: Figures/dphe3g_gaussian_rate.png  used on input line 2
30.
(pdftex.def)             Requested size: 244.79782pt x 183.59991pt.
<Figures/ddhe3n_correlations.png, id=200, 604.2575pt x 427.5975pt>
File: Figures/ddhe3n_correlations.png Graphic file (type png)
<use Figures/ddhe3n_correlations.png>
Package pdftex.def Info: Figures/ddhe3n_correlations.png  used on input line 24
2.
(pdftex.def)             Requested size: 244.79782pt x 173.22823pt.
<Figures/ddhe3n_correlation_hist.png, id=201, 462.528pt x 346.896pt>
File: Figures/ddhe3n_correlation_hist.png Graphic file (type png)
<use Figures/ddhe3n_correlation_hist.png>
Package pdftex.def Info: Figures/ddhe3n_correlation_hist.png  used on input lin
e 247.
(pdftex.def)             Requested size: 244.79782pt x 183.59991pt.
 [7 <./Figures/dphe3g_log_rate.png> <./Figures/dphe3g_gaussian_rate.png> <./Fig
ures/ddhe3n_correlations.png> <./Figures/ddhe3n_correlation_hist.png>]
pdfTeX warning (ext4): destination with the same identifier (name{equation.3}) 
has been already used, duplicate ignored
<to be read again> 
                   \relax 
l.264 \begin{equation}
                      
pdfTeX warning (ext4): destination with the same identifier (name{equation.3}) 
has been already used, duplicate ignored
<to be read again> 
                   \relax 
l.264 \begin{equation}
                      
pdfTeX warning (ext4): destination with the same identifier (name{equation.3}) 
has been already used, duplicate ignored
<to be read again> 
                   \relax 
l.264 \begin{equation}
                      
pdfTeX warning (ext4): destination with the same identifier (name{equation.3}) 
has been already used, duplicate ignored
<to be read again> 
                   \relax 
l.264 \begin{equation}
                      

Package hyperref Warning: Token not allowed in a PDF string (Unicode):
(hyperref)                removing `math shift' on input line 271.


Package hyperref Warning: Token not allowed in a PDF string (Unicode):
(hyperref)                removing `superscript' on input line 271.


Package hyperref Warning: Token not allowed in a PDF string (Unicode):
(hyperref)                removing `math shift' on input line 271.

<Figures/ddhe3n_comp.png, id=216, 1387.584pt x 654.7662pt>
File: Figures/ddhe3n_comp.png Graphic file (type png)
<use Figures/ddhe3n_comp.png>
Package pdftex.def Info: Figures/ddhe3n_comp.png  used on input line 275.
(pdftex.def)             Requested size: 499.79782pt x 235.83554pt.
[8]
<Figures/ddtp_comp.png, id=225, 1387.584pt x 578.16pt>
File: Figures/ddtp_comp.png Graphic file (type png)
<use Figures/ddtp_comp.png>
Package pdftex.def Info: Figures/ddtp_comp.png  used on input line 287.
(pdftex.def)             Requested size: 499.79782pt x 208.2433pt.
<Figures/dd_comp.png, id=226, 1387.584pt x 578.16pt>
File: Figures/dd_comp.png Graphic file (type png)
<use Figures/dd_comp.png>
Package pdftex.def Info: Figures/dd_comp.png  used on input line 299.
(pdftex.def)             Requested size: 499.79782pt x 208.2433pt.

Overfull \vbox (1.29312pt too high) has occurred while \output is active []


[9 <./Figures/ddhe3n_comp.png>] [10 <./Figures/ddtp_comp.png> <./Figures/dd_com
p.png>]
<Figures/dd_theory_dh.png, id=243, 625.33624pt x 423.5825pt>
File: Figures/dd_theory_dh.png Graphic file (type png)
<use Figures/dd_theory_dh.png>
Package pdftex.def Info: Figures/dd_theory_dh.png  used on input line 311.
(pdftex.def)             Requested size: 163.20374pt x 110.54897pt.
<Figures/dd_theory_he3h.png, id=244, 627.34375pt x 427.5975pt>
File: Figures/dd_theory_he3h.png Graphic file (type png)
<use Figures/dd_theory_he3h.png>
Package pdftex.def Info: Figures/dd_theory_he3h.png  used on input line 316.
(pdftex.def)             Requested size: 163.20374pt x 111.23796pt.
<Figures/dd_theory_yp.png, id=245, 622.325pt x 426.59375pt>
File: Figures/dd_theory_yp.png Graphic file (type png)
<use Figures/dd_theory_yp.png>
Package pdftex.def Info: Figures/dd_theory_yp.png  used on input line 321.
(pdftex.def)             Requested size: 163.20374pt x 111.87512pt.


Package hyperref Warning: Token not allowed in a PDF string (Unicode):
(hyperref)                removing `math shift' on input line 328.


Package hyperref Warning: Token not allowed in a PDF string (Unicode):
(hyperref)                removing `\gamma' on input line 328.


Package hyperref Warning: Token not allowed in a PDF string (Unicode):
(hyperref)                removing `math shift' on input line 328.


Package hyperref Warning: Token not allowed in a PDF string (Unicode):
(hyperref)                removing `math shift' on input line 328.


Package hyperref Warning: Token not allowed in a PDF string (Unicode):
(hyperref)                removing `superscript' on input line 328.


Package hyperref Warning: Token not allowed in a PDF string (Unicode):
(hyperref)                removing `math shift' on input line 328.

<Figures/dphe3g_comp.png, id=246, 1387.584pt x 578.16pt>
File: Figures/dphe3g_comp.png Graphic file (type png)
<use Figures/dphe3g_comp.png>
Package pdftex.def Info: Figures/dphe3g_comp.png  used on input line 332.
(pdftex.def)             Requested size: 499.79782pt x 208.2433pt.
[11 <./Figures/dd_theory_dh.png> <./Figures/dd_theory_he3h.png> <./Figures/dd_t
heory_yp.png> <./Figures/dphe3g_comp.png>]
pdfTeX warning (ext4): destination with the same identifier (name{equation.3}) 
has been already used, duplicate ignored
<to be read again> 
                   \relax 
l.365 \begin{equation}
                      
pdfTeX warning (ext4): destination with the same identifier (name{equation.3}) 
has been already used, duplicate ignored
<to be read again> 
                   \relax 
l.365 \begin{equation}
                      
pdfTeX warning (ext4): destination with the same identifier (name{equation.3}) 
has been already used, duplicate ignored
<to be read again> 
                   \relax 
l.365 \begin{equation}
                      
pdfTeX warning (ext4): destination with the same identifier (name{equation.3}) 
has been already used, duplicate ignored
<to be read again> 
                   \relax 
l.365 \begin{equation}
                       [12]
Overfull \hbox (510.0pt too wide) has occurred while \output is active
[] []
 []

[13
pdfTeX warning (ext4): destination with the same identifier (name{equation.5}) 
has been already used, duplicate ignored
<argument> ...shipout:D \box_use:N \l_shipout_box 
                                                  \__shipout_drop_firstpage_...
l.413 
      
pdfTeX warning (ext4): destination with the same identifier (name{equation.5}) 
has been already used, duplicate ignored
<argument> ...shipout:D \box_use:N \l_shipout_box 
                                                  \__shipout_drop_firstpage_...
l.413 
      
pdfTeX warning (ext4): destination with the same identifier (name{equation.5}) 
has been already used, duplicate ignored
<argument> ...shipout:D \box_use:N \l_shipout_box 
                                                  \__shipout_drop_firstpage_...
l.413 
      ]
<Figures/ddhe3n_kernel_comp.png, id=278, 1387.584pt x 578.16pt>
File: Figures/ddhe3n_kernel_comp.png Graphic file (type png)
<use Figures/ddhe3n_kernel_comp.png>
Package pdftex.def Info: Figures/ddhe3n_kernel_comp.png  used on input line 418
.
(pdftex.def)             Requested size: 499.79782pt x 208.2433pt.


Package hyperref Warning: Token not allowed in a PDF string (Unicode):
(hyperref)                removing `math shift' on input line 430.


Package hyperref Warning: Token not allowed in a PDF string (Unicode):
(hyperref)                removing `superscript' on input line 430.


Package hyperref Warning: Token not allowed in a PDF string (Unicode):
(hyperref)                removing `math shift' on input line 430.


Package hyperref Warning: Token not allowed in a PDF string (Unicode):
(hyperref)                removing `math shift' on input line 434.


Package hyperref Warning: Token not allowed in a PDF string (Unicode):
(hyperref)                removing `\gamma' on input line 434.


Package hyperref Warning: Token not allowed in a PDF string (Unicode):
(hyperref)                removing `math shift' on input line 434.


Package hyperref Warning: Token not allowed in a PDF string (Unicode):
(hyperref)                removing `math shift' on input line 434.


Package hyperref Warning: Token not allowed in a PDF string (Unicode):
(hyperref)                removing `superscript' on input line 434.


Package hyperref Warning: Token not allowed in a PDF string (Unicode):
(hyperref)                removing `math shift' on input line 434.

[14 <./Figures/ddhe3n_kernel_comp.png>]
pdfTeX warning (ext4): destination with the same identifier (name{equation.7}) 
has been already used, duplicate ignored
<to be read again> 
                   \relax 
l.443 \begin{equation}
                      
pdfTeX warning (ext4): destination with the same identifier (name{equation.7}) 
has been already used, duplicate ignored
<to be read again> 
                   \relax 
l.443 \begin{equation}
                      
pdfTeX warning (ext4): destination with the same identifier (name{equation.7}) 
has been already used, duplicate ignored
<to be read again> 
                   \relax 
l.443 \begin{equation}
                      
pdfTeX warning (ext4): destination with the same identifier (name{equation.7}) 
has been already used, duplicate ignored
<to be read again> 
                   \relax 
l.443 \begin{equation}
                      
pdfTeX warning (ext4): destination with the same identifier (name{equation.7}) 
has been already used, duplicate ignored
<to be read again> 
                   \relax 
l.447 \begin{equation}
                      
pdfTeX warning (ext4): destination with the same identifier (name{equation.7}) 
has been already used, duplicate ignored
<to be read again> 
                   \relax 
l.447 \begin{equation}
                      
pdfTeX warning (ext4): destination with the same identifier (name{equation.7}) 
has been already used, duplicate ignored
<to be read again> 
                   \relax 
l.447 \begin{equation}
                      
pdfTeX warning (ext4): destination with the same identifier (name{equation.7}) 
has been already used, duplicate ignored
<to be read again> 
                   \relax 
l.447 \begin{equation}
                      
pdfTeX warning (ext4): destination with the same identifier (name{equation.7}) 
has been already used, duplicate ignored
<to be read again> 
                   \relax 
l.451 \begin{equation}
                      
pdfTeX warning (ext4): destination with the same identifier (name{equation.7}) 
has been already used, duplicate ignored
<to be read again> 
                   \relax 
l.451 \begin{equation}
                      
pdfTeX warning (ext4): destination with the same identifier (name{equation.7}) 
has been already used, duplicate ignored
<to be read again> 
                   \relax 
l.451 \begin{equation}
                      
pdfTeX warning (ext4): destination with the same identifier (name{equation.7}) 
has been already used, duplicate ignored
<to be read again> 
                   \relax 
l.451 \begin{equation}
                      
pdfTeX warning (ext4): destination with the same identifier (name{equation.7}) 
has been already used, duplicate ignored
<to be read again> 
                   \relax 
l.455 \begin{equation}
                      
pdfTeX warning (ext4): destination with the same identifier (name{equation.7}) 
has been already used, duplicate ignored
<to be read again> 
                   \relax 
l.455 \begin{equation}
                      
pdfTeX warning (ext4): destination with the same identifier (name{equation.7}) 
has been already used, duplicate ignored
<to be read again> 
                   \relax 
l.455 \begin{equation}
                      
pdfTeX warning (ext4): destination with the same identifier (name{equation.7}) 
has been already used, duplicate ignored
<to be read again> 
                   \relax 
l.455 \begin{equation}
                      
pdfTeX warning (ext4): destination with the same identifier (name{equation.7}) 
has been already used, duplicate ignored
<to be read again> 
                   \relax 
l.461 \begin{equation}
                      
pdfTeX warning (ext4): destination with the same identifier (name{equation.7}) 
has been already used, duplicate ignored
<to be read again> 
                   \relax 
l.461 \begin{equation}
                      
pdfTeX warning (ext4): destination with the same identifier (name{equation.7}) 
has been already used, duplicate ignored
<to be read again> 
                   \relax 
l.461 \begin{equation}
                      
pdfTeX warning (ext4): destination with the same identifier (name{equation.7}) 
has been already used, duplicate ignored
<to be read again> 
                   \relax 
l.461 \begin{equation}
                      
pdfTeX warning (ext4): destination with the same identifier (name{equation.7}) 
has been already used, duplicate ignored
<to be read again> 
                   \relax 
l.465 \begin{equation}
                      
pdfTeX warning (ext4): destination with the same identifier (name{equation.7}) 
has been already used, duplicate ignored
<to be read again> 
                   \relax 
l.465 \begin{equation}
                      
pdfTeX warning (ext4): destination with the same identifier (name{equation.7}) 
has been already used, duplicate ignored
<to be read again> 
                   \relax 
l.465 \begin{equation}
                      
pdfTeX warning (ext4): destination with the same identifier (name{equation.7}) 
has been already used, duplicate ignored
<to be read again> 
                   \relax 
l.465 \begin{equation}
                      
pdfTeX warning (ext4): destination with the same identifier (name{equation.7}) 
has been already used, duplicate ignored
<to be read again> 
                   \relax 
l.470 \begin{equation}
                      
pdfTeX warning (ext4): destination with the same identifier (name{equation.7}) 
has been already used, duplicate ignored
<to be read again> 
                   \relax 
l.470 \begin{equation}
                      
pdfTeX warning (ext4): destination with the same identifier (name{equation.7}) 
has been already used, duplicate ignored
<to be read again> 
                   \relax 
l.470 \begin{equation}
                      
pdfTeX warning (ext4): destination with the same identifier (name{equation.7}) 
has been already used, duplicate ignored
<to be read again> 
                   \relax 
l.470 \begin{equation}
                       [15]
pdfTeX warning (ext4): destination with the same identifier (name{equation.7}) 
has been already used, duplicate ignored
<to be read again> 
                   \relax 
l.474 \begin{equation}
                      
pdfTeX warning (ext4): destination with the same identifier (name{equation.7}) 
has been already used, duplicate ignored
<to be read again> 
                   \relax 
l.474 \begin{equation}
                      
pdfTeX warning (ext4): destination with the same identifier (name{equation.7}) 
has been already used, duplicate ignored
<to be read again> 
                   \relax 
l.474 \begin{equation}
                      
pdfTeX warning (ext4): destination with the same identifier (name{equation.7}) 
has been already used, duplicate ignored
<to be read again> 
                   \relax 
l.474 \begin{equation}
                       (./gp_bbn_uncertainties.bbl) [16]
(./gp_bbn_uncertainties.aux)
 ***********
LaTeX2e <2024-11-01> patch level 2
L3 programming layer <2025-01-18>
 ***********
Package rerunfilecheck Info: File `gp_bbn_uncertainties.out' has not changed.
(rerunfilecheck)             Checksum: 251AEEA028D3159BE834167D1D613A56;2609.
 ) 
Here is how much of TeX's memory you used:
 11990 strings out of 473190
 181599 string characters out of 5715801
 597585 words of memory out of 5000000
 35024 multiletter control sequences out of 15000+600000
 568024 words of font info for 71 fonts, out of 8000000 for 9000
 1141 hyphenation exceptions out of 8191
 75i,8n,79p,1582b,515s stack positions out of 10000i,1000n,20000p,200000b,200000s

pdfTeX warning (dest): name{section*.20-footnote.19} has been referenced but do
es not exist, replaced by a fixed one


pdfTeX warning (dest): name{section*.15-footnote.18} has been referenced but do
es not exist, replaced by a fixed one


pdfTeX warning (dest): name{section*.15-footnote.17} has been referenced but do
es not exist, replaced by a fixed one


pdfTeX warning (dest): name{equation.7-footnote.16} has been referenced but doe
s not exist, replaced by a fixed one


pdfTeX warning (dest): name{figure.6-footnote.15} has been referenced but does 
not exist, replaced by a fixed one


pdfTeX warning (dest): name{figure.6-footnote.14} has been referenced but does 
not exist, replaced by a fixed one


pdfTeX warning (dest): name{section*.8-footnote.13} has been referenced but doe
s not exist, replaced by a fixed one


pdfTeX warning (dest): name{equation.3-footnote.12} has been referenced but doe
s not exist, replaced by a fixed one


pdfTeX warning (dest): name{section*.6-footnote.11} has been referenced but doe
s not exist, replaced by a fixed one


pdfTeX warning (dest): name{section*.5-footnote.10} has been referenced but doe
s not exist, replaced by a fixed one


pdfTeX warning (dest): name{section*.4-footnote.9} has been referenced but does
 not exist, replaced by a fixed one


pdfTeX warning (dest): name{section*.4-footnote.8} has been referenced but does
 not exist, replaced by a fixed one


pdfTeX warning (dest): name{equation.3-footnote.7} has been referenced but does
 not exist, replaced by a fixed one


pdfTeX warning (dest): name{equation.3-footnote.6} has been referenced but does
 not exist, replaced by a fixed one


pdfTeX warning (dest): name{equation.3-footnote.5} has been referenced but does
 not exist, replaced by a fixed one


pdfTeX warning (dest): name{equation.2-footnote.4} has been referenced but does
 not exist, replaced by a fixed one


pdfTeX warning (dest): name{equation.2-footnote.3} has been referenced but does
 not exist, replaced by a fixed one


pdfTeX warning (dest): name{section*.2-footnote.2} has been referenced but does
 not exist, replaced by a fixed one


pdfTeX warning (dest): name{section*.2-footnote.1} has been referenced but does
 not exist, replaced by a fixed one

</usr/local/texlive/2025/texmf-dist/fonts/type1/public/amsfonts/cm/cmbx10.pfb><
/usr/local/texlive/2025/texmf-dist/fonts/type1/public/amsfonts/cm/cmbx12.pfb></
usr/local/texlive/2025/texmf-dist/fonts/type1/public/amsfonts/cm/cmbx9.pfb></us
r/local/texlive/2025/texmf-dist/fonts/type1/public/amsfonts/cm/cmex10.pfb></usr
/local/texlive/2025/texmf-dist/fonts/type1/public/amsfonts/cm/cmmi10.pfb></usr/
local/texlive/2025/texmf-dist/fonts/type1/public/amsfonts/cm/cmmi5.pfb></usr/lo
cal/texlive/2025/texmf-dist/fonts/type1/public/amsfonts/cm/cmmi7.pfb></usr/loca
l/texlive/2025/texmf-dist/fonts/type1/public/amsfonts/cm/cmmi8.pfb></usr/local/
texlive/2025/texmf-dist/fonts/type1/public/amsfonts/cm/cmmi9.pfb></usr/local/te
xlive/2025/texmf-dist/fonts/type1/public/amsfonts/cm/cmr10.pfb></usr/local/texl
ive/2025/texmf-dist/fonts/type1/public/amsfonts/cm/cmr5.pfb></usr/local/texlive
/2025/texmf-dist/fonts/type1/public/amsfonts/cm/cmr6.pfb></usr/local/texlive/20
25/texmf-dist/fonts/type1/public/amsfonts/cm/cmr7.pfb></usr/local/texlive/2025/
texmf-dist/fonts/type1/public/amsfonts/cm/cmr8.pfb></usr/local/texlive/2025/tex
mf-dist/fonts/type1/public/amsfonts/cm/cmr9.pfb></usr/local/texlive/2025/texmf-
dist/fonts/type1/public/amsfonts/cm/cmsy10.pfb></usr/local/texlive/2025/texmf-d
ist/fonts/type1/public/amsfonts/cm/cmsy5.pfb></usr/local/texlive/2025/texmf-dis
t/fonts/type1/public/amsfonts/cm/cmsy7.pfb></usr/local/texlive/2025/texmf-dist/
fonts/type1/public/amsfonts/cm/cmti10.pfb></usr/local/texlive/2025/texmf-dist/f
onts/type1/public/amsfonts/cm/cmti9.pfb></usr/local/texlive/2025/texmf-dist/fon
ts/type1/public/amsfonts/symbols/msam10.pfb></usr/local/texlive/2025/texmf-dist
/fonts/type1/public/amsfonts/symbols/msbm10.pfb>
Output written on gp_bbn_uncertainties.pdf (16 pages, 1288660 bytes).
PDF statistics:
 424 PDF objects out of 1000 (max. 8388607)
 309 compressed objects within 4 object streams
 82 named destinations out of 1000 (max. 500000)
 289 words of extra memory for PDF output out of 10000 (max. 10000000)

